c:\gameenginerepo\gameengine\gametemplate\projects\gameengine\release\gameengine.pdb
c:\gameenginerepo\gameengine\gametemplate\projects\gameengine\release\vector2.obj
c:\gameenginerepo\gameengine\gametemplate\projects\gameengine\release\transform.obj
c:\gameenginerepo\gameengine\gametemplate\projects\gameengine\release\timemanager.obj
c:\gameenginerepo\gameengine\gametemplate\projects\gameengine\release\texture.obj
c:\gameenginerepo\gameengine\gametemplate\projects\gameengine\release\rendermanager.obj
c:\gameenginerepo\gameengine\gametemplate\projects\gameengine\release\physicsmanager.obj
c:\gameenginerepo\gameengine\gametemplate\projects\gameengine\release\managerofmanagers.obj
c:\gameenginerepo\gameengine\gametemplate\projects\gameengine\release\inputmanager.obj
c:\gameenginerepo\gameengine\gametemplate\projects\gameengine\release\gameobjectmanager.obj
c:\gameenginerepo\gameengine\gametemplate\projects\gameengine\release\gameobject.obj
c:\gameenginerepo\gameengine\gametemplate\projects\gameengine\release\collider.obj
c:\gameenginerepo\gameengine\gametemplate\projects\gameengine\release\audiomanager.obj
c:\gameenginerepo\gameengine\gametemplate\projects\gameengine\release\audio.obj
d:\git\gameengine\gametemplate\projects\gameengine\release\gameengine.pdb
d:\git\gameengine\gametemplate\projects\gameengine\release\vector2.obj
d:\git\gameengine\gametemplate\projects\gameengine\release\transform.obj
d:\git\gameengine\gametemplate\projects\gameengine\release\timemanager.obj
d:\git\gameengine\gametemplate\projects\gameengine\release\texture.obj
d:\git\gameengine\gametemplate\projects\gameengine\release\rendermanager.obj
d:\git\gameengine\gametemplate\projects\gameengine\release\physicsmanager.obj
d:\git\gameengine\gametemplate\projects\gameengine\release\managerofmanagers.obj
d:\git\gameengine\gametemplate\projects\gameengine\release\inputmanager.obj
d:\git\gameengine\gametemplate\projects\gameengine\release\gameobjectmanager.obj
d:\git\gameengine\gametemplate\projects\gameengine\release\gameobject.obj
d:\git\gameengine\gametemplate\projects\gameengine\release\collider.obj
d:\git\gameengine\gametemplate\projects\gameengine\release\audiomanager.obj
d:\git\gameengine\gametemplate\projects\gameengine\release\audio.obj
c:\gameenginerepo\gameengine\gametemplate\projects\release\gameengine.lib
d:\git\gameengine\gametemplate\projects\release\gameengine.lib
d:\git\gameengine\gametemplate\projects\gameengine\release\gameengine.tlog\cl.command.1.tlog
d:\git\gameengine\gametemplate\projects\gameengine\release\gameengine.tlog\cl.read.1.tlog
d:\git\gameengine\gametemplate\projects\gameengine\release\gameengine.tlog\cl.write.1.tlog
d:\git\gameengine\gametemplate\projects\gameengine\release\gameengine.tlog\lib-link.read.1.tlog
d:\git\gameengine\gametemplate\projects\gameengine\release\gameengine.tlog\lib-link.write.1.tlog
d:\git\gameengine\gametemplate\projects\gameengine\release\gameengine.tlog\lib.command.1.tlog
