j:\profesional\trabajo\clases\universidadsanjorge\asignaturas\gameengines\18-19\game\implementation - 04addingnewproject\projects\game\debug\vc140.pdb
j:\profesional\trabajo\clases\universidadsanjorge\asignaturas\gameengines\18-19\game\implementation - 04addingnewproject\projects\game\debug\vc140.idb
j:\profesional\trabajo\clases\universidadsanjorge\asignaturas\gameengines\18-19\game\implementation - 04addingnewproject\projects\game\debug\main.obj
j:\profesional\trabajo\clases\universidadsanjorge\asignaturas\gameengines\18-19\game\implementation - 04addingnewproject\projects\debug\game.lib
j:\profesional\trabajo\clases\universidadsanjorge\asignaturas\gameengines\18-19\game\implementation - 04addingnewproject\projects\debug\game.exp
j:\profesional\trabajo\clases\universidadsanjorge\asignaturas\gameengines\18-19\game\implementation - 04addingnewproject\projects\debug\game.ilk
j:\profesional\trabajo\clases\universidadsanjorge\asignaturas\gameengines\18-19\game\implementation - 04addingnewproject\projects\debug\game.exe
j:\profesional\trabajo\clases\universidadsanjorge\asignaturas\gameengines\18-19\game\implementation - 04addingnewproject\projects\debug\game.pdb
j:\profesional\trabajo\clases\universidadsanjorge\asignaturas\gameengines\18-19\game\gametemplate\projects\game\debug\main.obj
j:\profesional\trabajo\clases\universidadsanjorge\asignaturas\gameengines\18-19\game\gametemplate\projects\game\debug\vc140.idb
j:\profesional\trabajo\clases\universidadsanjorge\asignaturas\gameengines\18-19\game\gametemplate\projects\game\debug\vc140.pdb
j:\profesional\trabajo\clases\universidadsanjorge\asignaturas\gameengines\18-19\game\gametemplate\projects\debug\game.pdb
j:\profesional\trabajo\clases\universidadsanjorge\asignaturas\gameengines\18-19\game\gametemplate\projects\debug\game.exe
j:\profesional\trabajo\clases\universidadsanjorge\asignaturas\gameengines\18-19\game\gametemplate\projects\debug\game.ilk
j:\profesional\trabajo\clases\universidadsanjorge\asignaturas\gameengines\18-19\game\gametemplate\projects\game\debug\game.tlog\cl.command.1.tlog
j:\profesional\trabajo\clases\universidadsanjorge\asignaturas\gameengines\18-19\game\gametemplate\projects\game\debug\game.tlog\cl.read.1.tlog
j:\profesional\trabajo\clases\universidadsanjorge\asignaturas\gameengines\18-19\game\gametemplate\projects\game\debug\game.tlog\cl.write.1.tlog
j:\profesional\trabajo\clases\universidadsanjorge\asignaturas\gameengines\18-19\game\gametemplate\projects\game\debug\game.tlog\game.write.1u.tlog
j:\profesional\trabajo\clases\universidadsanjorge\asignaturas\gameengines\18-19\game\gametemplate\projects\game\debug\game.tlog\link.command.1.tlog
j:\profesional\trabajo\clases\universidadsanjorge\asignaturas\gameengines\18-19\game\gametemplate\projects\game\debug\game.tlog\link.read.1.tlog
j:\profesional\trabajo\clases\universidadsanjorge\asignaturas\gameengines\18-19\game\gametemplate\projects\game\debug\game.tlog\link.write.1.tlog
